1 0
0 0 -1 0 1 false false
1 1 -1 0 1 false false
1 11 12 1 1 false false
0 12 11 0 -1 false false
1 2 3 1 1 false false
0 15 -1 1 0 false false
0 13 14 1 1 false false
1 3 -1 -1 0 false false
0 14 -1 0 1 false false
155 0 -1 0 1 false false
8 11 -1 1 0 false false
104 15 -1 1 0 false false
18 3 -1 1 0 false false
63 14 -1 0 1 false false
37 2 1 0 -1 false false
86 14 -1 -1 0 false false
15 10 11 -1 1 false false
110 1 2 -1 1 false false
4 14 -1 0 1 false false
42 11 -1 1 0 false false
65 2 -1 0 0 false false
9 15 -1 -1 0 false false
88 11 10 1 -1 false false
29 12 13 0 1 false false
3 15 -1 0 -1 false false
8 13 -1 -1 0 false false
175 15 -1 -1 0 false false
172 15 -1 0 -1 false false
2 3 -1 0 1 false false
40 0 2 -1 1 false false
66 11 10 1 -1 false false
18 13 -1 -1 0 false false
105 10 11 0 1 false false
23 15 -1 1 0 false false
0 12 -1 1 0 false false
3 14 -1 1 0 false false
138 11 12 -1 1 false false
57 1 -1 -1 -1 false false
16 15 -1 1 0 false false
51 12 11 0 -1 false false
22 3 -1 1 0 false false
33 2 -1 0 1 false false
44 0 -1 1 -1 false false
40 15 -1 1 0 false false
61 0 -1 1 0 false false
12 11 12 -1 1 false false
116 13 -1 0 0 false false
42 15 -1 -1 0 false false
16 0 -1 1 1 false false
52 14 -1 1 -1 false false
28 12 11 1 -1 false false
111 1 -1 0 -1 false false
40 15 -1 -1 0 false false
1 3 -1 -1 0 false false
103 10 11 -1 1 false false
32 11 12 1 1 false false
101 15 -1 0 1 false false
13 3 -1 0 1 false false
16 13 -1 0 -1 false false
44 12 14 0 1 false false
164 10 -1 0 -1 false false
26 15 -1 0 1 false false
46 11 13 -1 1 false false
7 2 -1 0 0 false false
62 0 -1 1 0 false false
13 13 12 1 0 false false
142 14 12 1 -1 false false
0 15 -1 1 0 false false
24 1 -1 0 1 false false
84 12 11 1 -1 false false
122 15 -1 1 0 false false
37 3 -1 -1 -1 false false
109 12 14 0 1 false false
26 10 -1 -1 0 false false
133 11 -1 0 0 false false
31 15 0 1 0 false false
30 12 14 -1 1 false false
14 1 -1 1 -1 false false
109 13 14 1 1 false false
138 14 -1 0 1 false false
1 2 -1 -1 0 false false
3 0 -1 0 -1 false false
40 15 -1 -1 0 false false
38 11 12 1 1 false false
18 1 -1 0 -1 false false
196 3 -1 1 -1 false false
55 2 -1 0 0 false false
150 14 -1 1 -1 false false
54 15 -1 0 -1 false false
8 10 -1 -1 -1 false false
41 3 -1 1 0 false false
8 13 -1 0 -1 false false
46 15 -1 -1 0 false false
14 2 -1 1 0 false false
57 12 -1 1 0 false false
55 15 -1 -1 0 false false
20 0 -1 -1 0 false false
64 11 12 0 1 false false
21 10 13 -1 1 false false
19 0 -1 1 0 false false
19 1 -1 1 -1 false false
37 14 12 -1 -1 false false
10 15 -1 1 0 false false
12 11 13 -1 0 false false
126 2 -1 -1 1 false false
47 12 11 1 -1 false false
100 15 -1 1 0 false false
142 1 -1 1 -1 false false
50 15 -1 1 0 false false
15 13 -1 0 0 false false
11 12 -1 1 0 false false
65 2 -1 1 0 false false
57 0 -1 0 1 false false
37 3 -1 0 -1 false false
30 14 -1 0 1 false false
24 15 -1 -1 0 false false
5 13 0 -1 1 true false
13 1 -1 -1 0 false false
106 11 -1 -1 0 false false
131 3 -1 1 1 false false
25 15 4 -1 0 false false
34 12 13 0 1 false false
25 1 -1 1 1 false false
42 2 -1 1 1 false false
190 13 -1 -1 0 false false
28 12 -1 1 -1 false false
36 11 -1 -1 0 false false
12 15 -1 0 1 false false
38 12 -1 -1 0 false false
214 4 -1 1 0 false false
2 3 -1 0 1 false false
37 1 -1 0 -1 false false
35 14 -1 0 -1 false false
150 12 -1 0 -1 false false
12 13 -1 1 -1 false false
98 3 -1 0 0 false false
23 2 11 0 -1 false true
1 5 -1 1 -1 false false
23 12 -1 -1 1 false false
111 15 -1 -1 0 false false
141 12 2 -1 1 true false
64 14 -1 1 1 false false
61 15 -1 1 0 false false
67 4 3 1 1 false false
0 3 -1 1 1 false false
170 14 -1 1 0 false false
34 15 -1 1 0 false false
165 4 -1 0 0 false false
6 13 -1 -1 1 false false
188 15 4 0 -1 false false
15 5 -1 1 -1 false false
9 6 -1 1 0 false false
186 6 -1 -1 -1 false false
7 3 -1 1 0 false false
135 14 -1 -1 1 false false
107 6 -1 1 1 false false
162 4 -1 0 -1 false false
10 5 -1 0 -1 false false
32 15 -1 0 1 false false
87 13 3 0 1 true false
45 14 -1 0 1 false false
46 5 -1 1 0 false false
111 4 -1 -1 0 false false
25 6 -1 1 0 false false
56 7 -1 1 0 false false
44 15 -1 0 1 false false
279 5 -1 1 0 false false
11 6 -1 1 1 false false
198 15 -1 -1 0 false false
290 14 -1 0 1 false false
70 15 -1 1 0 false false
40 6 -1 1 1 false false
7 4 -1 -1 0 false false
59 7 5 0 -1 false false
99 15 -1 0 -1 false false
192 4 -1 -1 -1 false false
58 5 -1 -1 0 false false
90 15 -1 1 0 false false
6 14 6 -1 0 true false
