0 3
1 0 -1 -1 -1 false false
0 1 -1 0 0 false false
0 9 11 -1 1 false false
1 10 -1 1 -1 false false
0 11 10 0 -1 false false
0 3 -1 0 1 false false
1 5 -1 -1 0 false false
0 13 14 -1 1 false false
0 2 -1 0 -1 false false
1 7 13 -1 0 false false
0 15 -1 1 0 false false
0 6 -1 -1 0 false false
1 4 -1 -1 -1 false false
0 12 9 1 -1 false false
0 14 -1 -1 0 false false
191 0 -1 -1 0 false false
18 2 -1 0 0 false false
94 9 11 -1 1 false false
103 15 4 0 -1 false false
79 13 14 -1 1 false false
46 15 -1 -1 0 false false
7 5 -1 1 0 false false
57 9 -1 0 0 false false
12 12 -1 0 0 false false
29 2 -1 0 -1 false false
6 15 -1 -1 0 false false
25 5 6 -1 1 false false
5 14 13 1 -1 false false
29 13 -1 -1 0 false false
89 1 0 -1 -1 false false
73 13 -1 -1 0 false false
7 11 10 1 -1 false false
82 2 4 0 1 false false
11 3 -1 -1 -1 false false
25 6 5 1 -1 false false
74 0 -1 -1 0 false false
1 10 11 0 1 false false
6 4 -1 0 1 false false
1 9 12 0 1 false false
57 15 -1 1 0 false false
307 1 15 1 1 false false
10 10 9 1 0 false false
27 15 5 0 1 false false
20 5 -1 1 0 false false
26 2 -1 1 0 false false
32 11 -1 -1 0 false false
55 13 4 -1 -1 false false
48 12 -1 -1 0 false false
1 7 -1 -1 0 false false
72 4 -1 0 -1 false false
19 14 5 -1 -1 true false
14 8 -1 1 1 false false
115 7 -1 0 0 false false
10 12 -1 0 0 false false
22 11 10 1 0 false false
13 15 -1 0 -1 false false
53 14 13 1 -1 false false
31 4 -1 -1 1 false false
41 6 -1 0 1 false false
3 3 -1 0 -1 false false
64 1 -1 0 0 false false
30 10 -1 0 -1 false false
12 11 -1 -1 0 false false
10 14 -1 1 0 false false
57 2 -1 -1 1 false false
88 8 -1 1 -1 false false
12 10 13 -1 1 false false
22 13 -1 0 0 false false
17 4 -1 0 0 false false
22 15 -1 0 1 false false
158 4 2 0 -1 false false
41 15 -1 0 1 false false
112 5 -1 0 -1 false false
176 12 -1 1 0 false false
41 11 12 0 1 false false
5 7 -1 0 1 false false
44 8 -1 0 1 false false
21 15 -1 -1 0 false false
5 2 4 -1 1 false false
38 15 -1 0 -1 false false
7 3 -1 -1 1 false false
2 6 -1 1 -1 false false
30 13 -1 0 0 false false
5 10 -1 0 -1 false false
67 14 6 -1 0 false true
15 13 -1 -1 0 false false
25 5 3 0 -1 false false
7 15 -1 0 -1 false false
22 15 -1 -1 0 false false
23 6 -1 0 0 false false
64 14 -1 1 0 false false
66 4 6 0 -1 false false
12 12 -1 0 0 false false
19 11 12 1 1 false false
45 3 -1 1 -1 false false
24 6 -1 1 1 false false
106 5 7 1 1 false false
2 6 -1 -1 1 false false
64 4 -1 -1 0 false false
14 15 3 1 0 false false
44 2 -1 -1 0 false false
9 13 14 1 1 false false
38 5 -1 1 0 false false
75 10 12 -1 -1 false false
44 12 13 0 1 false false
15 5 -1 0 0 false false
3 7 -1 -1 1 false false
10 15 -1 0 1 false false
39 10 12 -1 1 false false
64 8 -1 1 0 false false
94 14 -1 -1 0 false false
11 4 -1 -1 1 false false
19 3 4 0 1 false false
17 11 -1 0 0 false false
130 15 4 1 0 false false
49 12 11 0 -1 false false
86 3 -1 1 1 false false
26 11 12 0 1 false false
19 7 -1 0 0 false false
5 6 -1 -1 1 false false
45 4 -1 0 -1 false false
57 15 -1 1 0 false false
67 14 -1 0 1 false false
66 10 -1 1 1 false false
34 8 -1 -1 1 false false
18 2 -1 1 0 false false
35 13 -1 0 1 false false
28 15 4 0 -1 false false
0 8 13 -1 1 false false
33 5 -1 -1 0 false false
105 7 5 0 -1 false false
69 8 13 -1 0 false false
10 11 -1 -1 1 false false
5 15 4 0 -1 false false
105 10 12 -1 0 false false
15 4 2 0 -1 false false
53 14 13 0 -1 false false
23 3 -1 1 1 false false
45 6 -1 0 1 false false
18 12 -1 0 -1 false false
49 14 -1 0 0 false false
34 15 -1 0 1 false false
80 13 14 -1 1 false false
5 7 15 1 -1 false false
42 10 -1 0 0 false false
34 6 -1 0 0 false false
3 4 -1 1 0 false false
59 15 -1 0 1 false false
8 14 8 1 1 false false
26 2 -1 -1 -1 false false
0 13 -1 0 0 false false
108 5 -1 1 0 false false
112 15 5 0 -1 false false
95 10 -1 0 0 false false
11 8 -1 1 0 false false
20 12 -1 -1 -1 false false
41 6 5 -1 -1 false false
35 11 -1 -1 -1 false false
172 14 13 -1 -1 false false
42 3 -1 0 0 false false
39 15 5 0 -1 false false
118 10 -1 1 0 false false
113 7 -1 -1 -1 false false
34 13 -1 -1 -1 false false
15 4 -1 -1 -1 false false
37 11 -1 -1 -1 false false
17 8 -1 -1 0 false false
95 15 6 1 0 false false
43 5 -1 -1 -1 false false
117 12 -1 1 1 false false
22 8 10 0 -1 false false
35 14 8 1 -1 false false
68 6 -1 0 0 false false
67 3 -1 -1 -1 false false
24 15 -1 0 -1 false false
10 10 -1 1 -1 false false
223 7 5 0 -1 false false
32 11 -1 1 -1 false false
6 4 -1 1 -1 false false
6 14 8 1 -1 false false
71 12 10 1 -1 false false
25 15 -1 1 0 false false
9 2 -1 1 0 false false
1 3 -1 -1 1 false false
18 8 -1 1 0 false false
48 5 3 1 1 false false
33 13 -1 0 -1 false false
157 4 11 1 -1 false true
15 3 -1 -1 0 false false
5 7 -1 0 1 false false
1 13 -1 0 -1 false false
58 6 -1 -1 0 false false
86 15 -1 1 0 false false
35 4 6 -1 -1 false false
75 8 -1 1 -1 false false
12 4 8 0 -1 false false
53 11 -1 1 1 false false
55 8 6 -1 0 false false
49 15 -1 0 -1 false false
30 4 7 1 1 false false
20 12 -1 0 1 false false
58 14 -1 1 1 false false
59 8 -1 0 0 false false
11 5 -1 0 1 false false
24 3 -1 -1 0 false false
13 13 -1 0 0 false false
5 7 -1 -1 0 false false
79 6 -1 -1 -1 false false
16 13 -1 0 0 false false
66 3 -1 0 0 false false
26 11 9 1 1 false false
9 9 -1 0 1 false false
1 6 -1 1 -1 false false
74 4 -1 -1 0 false false
77 13 -1 -1 -1 false false
16 15 -1 0 1 false false
93 4 -1 -1 1 false false
109 12 -1 -1 1 false false
27 7 -1 0 1 false false
11 13 -1 0 -1 false false
135 5 13 1 -1 false true
23 15 -1 0 1 false false
5 9 -1 -1 -1 false false
54 4 -1 1 1 false false
42 9 7 1 -1 false false
16 10 -1 1 0 false false
58 5 -1 0 1 false false
30 14 -1 -1 0 false false
12 7 -1 -1 0 false false
77 15 -1 0 -1 false false
79 14 -1 0 0 false false
99 5 -1 0 1 false false
19 12 -1 1 0 false false
18 15 -1 0 -1 false false
23 13 -1 -1 -1 false false
184 5 -1 0 -1 false false
6 13 -1 -1 1 false false
50 6 -1 1 0 false false
37 8 -1 1 -1 false false
22 4 -1 0 1 false false
60 15 6 0 -1 false false
5 7 -1 1 0 false false
9 5 -1 1 1 false false
32 9 -1 -1 -1 false false
73 15 -1 -1 0 false false
68 7 -1 1 1 false false
84 5 -1 -1 0 false false
26 10 -1 -1 0 false false
12 13 14 1 1 false false
3 8 -1 0 1 false false
1 14 10 1 -1 false false
4 15 4 -1 0 false false
75 7 15 0 1 false false
97 12 -1 0 -1 false false
49 9 -1 0 -1 false false
113 15 7 0 -1 false false
14 6 -1 1 0 false false
16 4 -1 -1 -1 false false
153 6 -1 0 -1 false false
78 12 -1 1 0 false false
4 13 -1 1 -1 false false
15 7 -1 -1 0 false false
55 9 -1 -1 0 false false
44 14 -1 -1 -1 false false
5 10 -1 0 -1 false false
20 5 -1 0 -1 false false
43 8 -1 0 -1 false false
102 5 -1 0 0 false false
58 15 -1 -1 0 false false
86 4 -1 1 -1 false false
37 12 10 -1 1 false false
3 14 -1 -1 1 false false
157 14 8 -1 -1 true false
23 9 -1 1 1 false false
48 7 -1 0 1 false false
42 11 -1 1 1 false false
26 15 -1 0 1 false false
42 8 -1 -1 1 false false
84 7 -1 0 -1 false false
10 5 -1 -1 1 false false
20 9 -1 1 1 false false
66 14 -1 0 1 false false
74 9 -1 1 0 false false
23 10 -1 1 0 false false
44 13 -1 1 1 false false
25 5 -1 1 0 false false
51 15 -1 0 -1 false false
1 11 13 1 -1 false false
39 7 -1 0 0 false false
91 6 -1 0 1 false false
25 10 -1 -1 -1 false false
97 15 5 0 -1 false false
34 5 8 -1 1 false false
67 13 11 0 1 false false
22 9 14 0 -1 false true
131 15 -1 1 0 false false
34 9 -1 -1 0 false false
168 8 -1 0 -1 false false
36 7 -1 -1 -1 false false
6 11 6 1 1 false false
192 6 -1 0 -1 false false
6 10 -1 1 0 false false
7 12 14 0 -1 false false
38 15 -1 1 0 false false
272 15 -1 0 1 false false
71 14 -1 0 -1 false false
14 15 -1 1 0 false false
117 10 -1 -1 -1 false false
72 9 -1 1 -1 false false
21 8 -1 0 -1 false false
60 15 10 1 0 false false
85 7 -1 0 -1 false false
33 6 -1 1 -1 false false
33 12 -1 1 0 false false
39 15 10 1 0 false false
45 11 -1 1 0 false false
3 8 -1 0 -1 false false
48 10 -1 -1 -1 false false
18 9 -1 -1 -1 false false
62 14 -1 0 -1 false false
60 6 -1 1 -1 false false
43 15 -1 0 1 false false
149 7 -1 1 1 false false
104 15 -1 1 0 false false
26 11 9 -1 0 false false
44 9 -1 0 1 false false
179 15 -1 1 0 false false
0 11 -1 0 -1 false false
17 7 -1 -1 -1 false false
106 15 -1 1 0 false false
63 12 15 -1 1 true false
11 11 -1 0 -1 false false
14 9 -1 1 0 false false
51 10 -1 -1 -1 false false
12 15 -1 1 0 false false
91 7 -1 1 -1 false false
20 9 -1 0 -1 false false
30 12 10 -1 -1 false false
195 15 -1 -1 0 false false
55 8 -1 -1 0 false false
41 11 9 1 -1 false false
28 9 -1 1 -1 false false
34 15 -1 -1 0 false false
86 12 -1 0 1 false false
88 15 -1 -1 0 false false
26 10 -1 0 1 false false
11 8 -1 -1 0 false false
55 14 -1 -1 1 false false
75 15 -1 -1 0 false false
4 11 -1 -1 0 false false
45 7 -1 0 1 false false
165 15 -1 -1 0 false false
113 11 -1 -1 0 false false
84 10 -1 -1 0 false false
41 15 -1 -1 0 false false
98 11 -1 0 -1 false false
44 10 -1 1 -1 false false
49 7 -1 1 0 false false
11 12 -1 1 1 false false
17 9 7 -1 1 false false
60 15 -1 0 -1 false false
150 8 -1 1 0 false false
71 15 12 0 -1 false false
19 14 -1 0 0 false false
177 11 -1 0 0 false false
66 15 -1 1 0 false false
33 7 9 1 -1 false false
14 8 -1 0 1 false false
175 10 -1 -1 1 false false
92 12 -1 0 1 false false
11 11 -1 1 0 false false
22 9 -1 0 0 false false
77 14 -1 1 -1 false false
159 15 -1 1 0 false false
45 8 -1 0 1 false false
209 15 -1 1 0 false false
66 10 -1 0 1 false false
7 7 -1 1 1 false false
140 12 -1 0 0 false false
21 9 -1 1 0 false false
54 15 -1 0 -1 false false
66 12 8 -1 1 false false
32 7 15 -1 0 false false
34 11 -1 1 1 false false
61 10 -1 0 -1 false false
29 14 -1 -1 1 false false
81 15 -1 -1 0 false false
47 7 -1 0 0 false false
94 11 -1 1 -1 false false
29 8 -1 0 -1 false false
69 10 -1 -1 1 false false
71 15 -1 -1 0 false false
26 9 -1 0 0 false false
194 10 -1 -1 -1 false false
71 8 -1 -1 -1 false false
49 12 -1 1 0 false false
50 14 -1 1 1 false false
24 15 -1 1 0 false false
15 11 -1 1 -1 false false
375 7 -1 -1 1 false false
35 9 -1 1 -1 false false
45 15 -1 0 1 false false
35 14 -1 1 1 false false
122 12 -1 1 1 false false
50 10 -1 -1 0 false false
106 11 -1 -1 1 false false
21 15 7 1 0 false false
65 8 -1 -1 0 false false
30 12 -1 1 0 false false
30 9 -1 -1 0 false false
138 15 7 1 0 false false
176 7 15 -1 0 false false
159 14 -1 -1 1 false false
33 15 -1 0 -1 false false
79 9 -1 -1 0 false false
2 10 8 -1 1 false false
79 12 -1 -1 0 false false
133 15 -1 1 0 false false
107 7 -1 0 1 false false
2 11 9 1 -1 false false
18 12 7 1 0 false false
68 8 10 -1 -1 false false
43 15 -1 1 0 false false
45 14 -1 0 0 false false
9 9 -1 0 1 false false
22 11 -1 -1 0 false false
243 12 -1 -1 -1 false false
48 9 15 0 1 false false
9 15 -1 0 1 false false
29 10 -1 1 -1 false false
103 12 -1 1 1 false false
131 7 12 -1 1 false false
24 11 -1 -1 -1 false false
23 15 -1 0 1 false false
88 8 -1 0 1 false false
28 14 -1 1 0 false false
86 10 -1 1 1 false false
133 15 -1 1 0 false false
10 9 -1 -1 1 false false
171 15 14 1 0 true true
