0 2
3 15 5 1 1 false false
0 0 -1 -1 -1 false false
0 3 -1 -1 1 false false
0 1 4 1 1 false false
1 7 -1 -1 -1 false false
0 4 -1 0 1 false false
0 2 -1 0 0 false false
0 6 -1 0 -1 false false
0 5 -1 1 0 false false
0 10 -1 1 1 false false
180 2 -1 0 0 false false
229 1 -1 1 1 false false
70 9 -1 0 0 false false
50 5 -1 -1 1 false false
43 9 -1 -1 0 false false
41 10 -1 0 0 false false
35 4 -1 0 0 false false
40 7 -1 0 0 false false
2 6 -1 -1 1 false false
77 15 -1 0 -1 false false
56 7 -1 0 -1 false false
33 0 -1 0 -1 false false
48 6 2 0 -1 false false
30 3 -1 0 -1 false false
15 15 0 0 -1 false false
12 10 -1 0 -1 false false
42 2 -1 0 0 false false
47 7 -1 0 1 false false
140 1 -1 -1 -1 false false
22 15 -1 -1 0 false false
26 10 7 -1 1 false false
33 6 2 0 -1 false false
31 4 -1 0 0 false false
24 10 -1 1 0 false false
96 5 4 -1 0 false false
114 15 -1 1 0 false false
10 3 -1 0 0 false false
39 9 -1 -1 1 false false
5 1 -1 -1 0 false false
81 3 -1 1 0 false false
19 0 -1 -1 -1 false false
41 4 -1 -1 0 false false
40 9 -1 -1 1 false false
82 2 3 -1 1 false false
10 7 10 1 -1 false false
126 2 3 -1 1 false false
33 9 -1 -1 -1 false false
59 15 -1 -1 0 false false
15 10 -1 -1 0 false false
64 2 6 0 1 false false
106 6 -1 -1 -1 false false
2 1 3 1 1 false false
34 5 -1 -1 0 false false
60 4 -1 -1 0 false false
4 15 -1 1 0 false false
147 3 -1 1 0 false false
8 0 -1 0 -1 false false
74 3 -1 0 1 false false
1 15 -1 1 0 false false
11 4 -1 0 0 false false
131 15 -1 1 0 false false
2 1 -1 -1 -1 false false
27 6 -1 0 0 false false
150 10 -1 1 1 false false
26 7 -1 0 1 false false
65 15 -1 1 0 false false
59 9 -1 -1 1 false false
16 10 -1 0 0 false false
83 3 9 1 1 true false
6 3 -1 0 0 false false
18 5 -1 0 1 false false
34 6 3 1 0 false false
40 15 -1 1 0 false false
17 2 6 1 1 false false
3 5 4 -1 1 false false
24 4 -1 0 1 false false
20 7 -1 0 -1 false false
30 10 -1 0 -1 false false
39 9 -1 -1 1 false false
32 15 7 1 0 false false
34 4 -1 -1 0 false false
35 9 -1 1 0 false false
82 2 -1 1 -1 false false
20 1 -1 0 0 false false
12 15 -1 0 1 false false
78 1 -1 -1 0 false false
96 3 -1 1 -1 false false
33 15 7 1 0 false true
197 7 -1 0 0 false false
11 6 -1 0 1 false false
95 2 -1 1 1 false false
45 10 -1 1 1 false false
175 6 -1 0 1 false false
16 4 -1 1 1 false false
16 3 -1 -1 1 false false
4 15 4 -1 0 false false
107 15 -1 0 -1 false false
22 5 -1 0 1 false false
42 9 -1 -1 1 false false
72 6 9 1 0 false true
69 15 -1 -1 0 false false
24 3 -1 -1 1 false false
1 15 -1 0 -1 false false
24 5 -1 -1 1 false false
60 15 -1 -1 0 false false
22 8 3 -1 0 false false
90 10 -1 1 -1 false false
81 6 -1 -1 0 false false
12 3 4 0 -1 false false
0 7 6 -1 1 false false
10 15 -1 -1 0 false false
140 4 8 1 1 false false
198 10 -1 1 0 false false
37 6 -1 1 -1 false false
93 8 6 0 1 false false
9 7 -1 0 1 false false
33 15 -1 1 0 false false
205 15 -1 1 0 false false
34 4 -1 0 0 false false
36 5 -1 0 0 false false
120 15 -1 1 0 false false
2 3 -1 1 -1 false false
144 7 6 0 -1 false false
28 15 -1 1 0 false false
3 10 -1 -1 1 false false
66 6 8 0 -1 false false
171 8 -1 -1 1 false false
19 4 3 1 0 false false
148 4 3 1 0 false false
32 7 6 0 -1 false false
33 15 -1 0 1 false false
89 3 -1 1 -1 false false
11 4 -1 0 0 false false
111 3 -1 1 -1 false false
89 5 -1 0 1 false false
10 15 10 1 0 false false
48 8 -1 -1 -1 false false
23 6 -1 -1 1 false false
72 7 6 -1 0 false false
50 3 -1 -1 -1 false false
101 10 -1 -1 1 false false
176 3 -1 -1 -1 false false
36 7 6 -1 1 false false
6 8 -1 -1 1 false false
13 4 -1 -1 1 false false
58 3 -1 -1 1 false false
14 8 4 0 -1 false false
111 6 -1 1 -1 false false
43 15 -1 1 0 false false
63 7 -1 1 -1 false false
5 10 -1 -1 0 false false
59 15 -1 -1 0 false false
125 15 10 0 1 true false
34 6 -1 0 0 false false
17 9 -1 0 1 false false
130 9 -1 0 -1 false false
132 4 -1 -1 0 false false
54 6 -1 0 1 false false
47 5 9 0 1 false false
143 11 -1 -1 -1 false false
150 7 -1 -1 1 false false
9 8 -1 1 0 false false
106 9 5 -1 -1 false false
104 4 -1 1 0 false false
24 7 -1 1 1 false false
3 9 -1 -1 1 false false
45 8 -1 1 0 false false
59 5 -1 -1 -1 false false
179 11 -1 1 0 false false
100 7 9 -1 1 false false
65 6 -1 -1 1 false false
7 8 -1 1 1 false false
162 5 4 1 0 false false
154 4 -1 -1 -1 false false
10 9 7 1 0 false false
209 7 6 1 1 false false
234 11 -1 -1 1 false false
11 4 5 -1 1 false false
238 6 -1 1 0 false false
26 11 -1 -1 -1 false false
11 4 -1 -1 0 false false
18 8 -1 0 -1 false false
17 5 -1 1 0 false false
34 9 -1 -1 -1 false false
165 7 -1 0 1 false false
138 7 -1 -1 1 false false
29 11 -1 1 0 false false
31 9 -1 1 0 false false
78 4 -1 0 1 false false
21 5 -1 0 1 false false
6 8 -1 0 1 false false
147 5 -1 0 0 false false
39 8 -1 1 1 false false
112 9 7 -1 1 false false
41 6 -1 -1 0 false false
97 5 -1 1 -1 false false
58 8 -1 0 1 false false
55 7 -1 -1 0 false false
85 11 -1 -1 1 false false
15 5 -1 -1 -1 false false
46 4 -1 1 0 false false
105 5 -1 1 -1 false false
81 11 -1 1 1 false false
8 4 -1 -1 -1 false false
96 6 -1 0 0 false false
17 7 -1 1 1 false false
56 9 -1 1 0 false false
241 6 -1 0 0 false false
16 7 -1 -1 1 false false
35 9 -1 1 -1 false false
36 8 -1 1 0 false false
253 11 -1 0 -1 false false
38 5 -1 1 1 false false
165 4 -1 -1 1 false false
106 6 -1 -1 0 false false
61 9 -1 -1 1 false false
123 4 -1 1 -1 false false
102 8 -1 0 1 false false
81 5 -1 -1 -1 false false
111 6 -1 1 0 false false
107 8 -1 -1 0 false false
45 7 -1 0 0 false false
82 11 -1 -1 -1 false false
122 9 -1 -1 1 false false
48 8 -1 -1 -1 false false
122 7 9 1 0 false false
114 5 -1 1 0 false false
106 4 -1 0 -1 false false
15 7 9 1 0 false false
52 6 9 -1 0 false false
187 8 -1 0 0 false false
69 11 -1 1 -1 false false
344 5 -1 0 0 false false
0 9 -1 0 1 false false
30 6 -1 0 -1 false false
64 11 -1 0 -1 false false
99 7 9 1 0 false false
5 9 -1 0 -1 false false
85 4 -1 -1 1 false false
77 11 -1 1 0 false false
69 9 6 1 0 false false
216 11 -1 1 1 false false
9 8 -1 0 -1 false false
55 6 -1 0 1 false false
98 4 -1 0 1 false false
50 5 -1 0 -1 false false
58 9 6 1 1 false false
154 8 -1 -1 -1 false false
25 11 -1 1 1 false false
3 5 -1 0 1 false false
53 8 -1 -1 -1 false false
106 9 7 -1 1 false false
14 7 -1 0 -1 false false
71 11 -1 0 1 false false
92 6 -1 1 1 false false
22 9 -1 -1 1 false false
76 4 -1 0 0 false false
304 7 4 0 -1 false false
42 4 -1 -1 0 false false
26 11 -1 1 1 false false
79 8 -1 -1 1 false false
27 5 -1 0 1 false false
92 9 -1 0 1 false false
61 6 -1 0 1 false false
97 9 7 0 -1 false false
318 7 -1 -1 0 false false
36 8 -1 1 -1 false false
118 5 -1 -1 0 false false
42 11 -1 1 -1 false false
50 5 -1 0 0 false false
1 4 -1 1 1 false false
180 7 -1 1 -1 false false
21 6 -1 0 1 false false
105 6 -1 1 0 false false
99 9 -1 0 0 false false
95 4 7 0 -1 false false
55 8 -1 1 1 false false
252 5 -1 -1 -1 false false
37 7 4 0 1 false false
181 11 -1 0 1 false false
178 6 -1 -1 0 false false
148 9 -1 -1 -1 false false
135 11 -1 0 0 false false
11 4 9 -1 0 false false
44 5 -1 1 0 false false
40 9 -1 -1 1 false false
38 8 -1 0 0 false false
1 6 -1 0 1 false false
72 7 -1 -1 1 false false
152 4 -1 0 0 false false
122 4 -1 1 0 false false
46 11 -1 0 1 false false
271 5 -1 0 -1 false false
42 6 -1 1 1 false false
16 8 -1 -1 1 false false
59 7 -1 1 0 false false
56 9 -1 -1 0 false false
35 11 -1 0 0 false false
109 7 -1 1 1 false false
1 8 -1 0 -1 false false
377 5 -1 -1 -1 false false
28 4 -1 0 0 false false
105 9 -1 0 1 false false
28 7 -1 1 -1 false false
112 6 -1 0 0 false false
8 8 -1 -1 -1 false false
179 11 -1 -1 -1 false false
329 6 -1 0 1 false false
173 7 -1 1 0 false false
62 5 -1 -1 1 false false
14 4 -1 0 0 false false
171 9 -1 1 1 false false
7 6 -1 1 1 false false
53 8 -1 0 -1 false false
73 11 -1 1 -1 false false
125 6 -1 0 0 false false
290 9 -1 1 0 false false
99 7 -1 0 0 false false
90 5 -1 0 0 false false
8 4 -1 1 0 false false
46 11 -1 1 -1 false false
2 8 -1 0 1 false false
179 6 -1 1 1 false false
67 4 -1 -1 -1 false false
16 7 -1 -1 1 false false
216 7 -1 0 -1 false false
37 5 -1 0 0 false false
60 7 4 -1 -1 false false
107 4 -1 -1 -1 false false
4 9 -1 0 0 false false
65 11 -1 -1 1 false false
64 9 7 1 -1 false false
121 8 -1 -1 -1 false false
10 11 -1 -1 1 false false
63 6 -1 0 0 false false
279 5 4 1 0 false false
134 7 -1 0 1 false false
95 5 -1 0 -1 false false
10 9 -1 0 1 false false
13 4 -1 -1 0 false false
18 6 -1 0 0 false false
75 8 -1 1 -1 false false
65 11 6 -1 1 false true
170 6 -1 1 -1 false false
157 6 8 1 0 false false
90 5 -1 0 -1 false false
236 5 -1 0 -1 false false
93 7 -1 0 1 false false
70 8 -1 1 1 false false
16 6 5 -1 0 false false
53 9 -1 0 -1 false false
176 11 -1 0 1 false false
4 8 -1 1 1 false false
252 7 -1 1 1 false false
22 9 -1 1 1 false false
137 6 -1 -1 1 false false
179 5 -1 -1 0 false false
217 11 -1 0 -1 false false
40 8 -1 -1 -1 false false
47 7 -1 0 0 false false
115 11 -1 -1 0 false false
178 9 -1 0 -1 false false
40 5 -1 1 1 false false
205 6 -1 1 -1 false false
218 8 -1 -1 1 false false
14 7 9 -1 -1 false false
99 7 -1 0 1 false false
97 5 6 0 -1 false false
0 7 -1 -1 1 false false
156 11 -1 1 -1 false false
67 9 -1 1 -1 false false
59 6 -1 0 0 false false
57 5 -1 1 -1 false false
45 6 -1 1 1 false false
2 7 -1 1 1 false false
48 9 -1 -1 1 false false
123 6 -1 -1 1 false false
289 8 -1 1 -1 false false
281 7 -1 -1 0 false false
9 11 -1 1 -1 false false
1 9 -1 -1 0 false false
103 7 -1 0 -1 false false
88 6 -1 0 -1 false false
3 9 -1 0 0 false false
4 5 -1 0 1 false false
84 8 -1 -1 -1 false false
129 11 -1 1 -1 false false
254 5 6 -1 0 false false
87 11 -1 0 -1 false false
42 8 -1 1 1 false false
75 7 9 -1 0 false false
172 6 -1 0 -1 false false
121 5 -1 0 0 false false
82 9 7 1 0 false false
167 7 -1 0 0 false false
133 6 -1 -1 -1 false false
125 5 -1 1 -1 false false
111 11 -1 -1 0 false false
4 7 -1 1 0 false false
16 8 -1 1 -1 false false
172 11 -1 1 1 false false
120 7 -1 1 0 false false
185 7 -1 0 -1 false false
43 9 -1 1 -1 false false
37 5 8 1 0 false false
9 11 -1 0 1 false false
89 6 -1 0 0 false false
10 9 -1 -1 0 false false
149 8 -1 0 0 false false
90 6 -1 -1 0 false false
80 11 -1 -1 0 false false
45 7 -1 1 -1 false false
91 8 -1 0 0 false false
21 9 -1 -1 1 false false
61 11 -1 1 0 false false
293 5 -1 1 1 false false
50 7 -1 1 0 false false
96 7 -1 0 1 false false
114 9 -1 -1 0 false false
56 8 -1 0 -1 false false
135 6 -1 0 0 false false
17 11 -1 -1 1 false false
260 9 -1 1 0 false false
9 7 11 1 1 true false
28 8 -1 -1 1 false false
187 6 8 -1 0 false false
22 7 -1 1 -1 false false
186 9 -1 0 1 false false
36 11 -1 -1 -1 false false
52 8 -1 0 0 false false
334 6 -1 -1 1 false false
6 7 -1 1 -1 false false
76 11 -1 -1 1 false false
117 8 -1 1 -1 false false
178 7 -1 -1 -1 false false
230 9 -1 1 0 false false
39 6 -1 0 -1 false false
19 8 -1 1 1 false false
124 7 -1 -1 -1 false false
171 11 -1 0 0 false false
40 6 -1 1 -1 false false
109 8 -1 0 -1 false false
155 9 -1 0 0 false false
102 8 -1 1 1 false false
120 8 -1 -1 -1 false false
234 7 -1 -1 1 false false
66 11 -1 1 1 false false
99 7 -1 0 1 false false
165 9 -1 0 0 false false
18 6 -1 1 1 false false
288 7 -1 -1 0 false false
34 8 -1 1 0 false false
72 7 -1 0 0 false false
20 11 -1 1 -1 false false
63 7 -1 1 0 false false
35 9 -1 1 0 false false
160 7 -1 0 0 false false
131 11 -1 0 0 false false
202 6 -1 0 1 false false
62 8 -1 0 -1 false false
228 9 -1 1 0 false false
171 7 -1 1 1 false false
178 9 -1 0 0 false false
7 11 -1 1 1 false false
11 6 -1 0 0 false false
388 11 -1 0 1 false false
22 8 -1 0 0 false false
306 7 -1 1 0 false false
52 6 -1 1 -1 false false
85 9 -1 1 0 false false
189 9 -1 1 0 false false
18 7 -1 0 0 false false
33 8 -1 1 -1 false false
89 11 -1 -1 0 false false
95 6 -1 -1 -1 false false
131 9 -1 -1 -1 false false
54 11 -1 0 1 false false
18 6 -1 1 -1 false false
140 8 -1 1 0 false false
23 7 -1 1 0 false false
16 9 -1 1 0 false false
9 11 -1 1 -1 false false
114 7 -1 -1 0 false false
14 11 -1 -1 -1 false false
319 9 -1 1 1 false false
57 8 -1 -1 0 false false
56 7 -1 -1 0 false false
74 6 -1 -1 -1 false false
27 7 -1 -1 -1 false false
405 11 -1 1 1 false false
13 9 -1 -1 0 false false
319 7 -1 0 1 false false
4 8 -1 1 -1 false false
66 11 -1 -1 0 false false
124 6 -1 -1 -1 false false
181 9 -1 -1 -1 false false
87 9 -1 1 0 false false
137 7 -1 -1 0 false false
110 8 -1 1 1 false false
80 6 -1 1 1 false false
185 11 9 -1 0 true false
