0 4
1 7 9 -1 1 false false
1 11 10 1 -1 false false
0 1 15 -1 1 false false
0 10 11 1 1 false false
1 5 -1 0 0 false false
0 2 -1 0 0 false false
0 15 -1 -1 -1 false false
0 12 -1 1 0 false false
0 0 -1 1 0 false false
0 3 -1 1 0 false false
0 4 -1 0 0 false false
0 8 -1 -1 1 false false
0 6 5 1 -1 false false
0 9 12 0 1 false false
100 3 -1 0 0 false false
30 2 -1 1 1 false false
35 15 -1 0 -1 false false
87 1 -1 -1 1 false false
33 5 8 1 0 false false
30 11 -1 1 0 false false
3 15 -1 1 0 false false
74 3 8 0 1 true false
6 8 -1 1 1 false false
32 1 -1 -1 1 false false
32 2 -1 -1 0 false false
40 5 6 -1 1 false false
43 2 -1 1 -1 false false
10 1 2 -1 0 false false
61 12 9 -1 -1 false false
6 15 2 0 1 false false
69 3 -1 1 0 false false
10 9 11 0 -1 false false
18 4 -1 -1 -1 false false
25 10 -1 1 0 false false
3 5 6 -1 1 false false
85 9 8 -1 0 false false
5 6 -1 1 0 false false
14 15 2 0 1 false false
155 8 3 -1 -1 false true
16 7 10 -1 0 false false
82 12 -1 1 0 false false
73 11 9 0 1 false false
122 8 9 1 1 false false
53 7 11 -1 1 false false
26 15 -1 1 0 false false
127 10 11 1 1 false false
29 3 15 1 -1 false false
46 2 3 -1 0 false false
8 9 8 -1 0 false false
71 11 -1 -1 1 false false
81 10 7 1 0 false false
10 4 -1 0 0 false false
11 15 -1 1 0 false false
40 5 -1 0 -1 false false
41 6 -1 -1 1 false false
25 12 -1 -1 0 false false
40 7 9 1 1 false false
201 3 -1 -1 -1 false false
67 9 -1 1 0 false false
2 8 -1 0 0 false false
14 15 -1 0 1 false false
44 12 8 -1 0 false false
100 5 -1 1 1 false false
21 2 15 1 0 false false
132 10 7 1 1 false false
57 12 -1 0 0 false false
15 15 2 -1 0 false false
23 3 -1 -1 1 false false
29 11 -1 -1 0 false false
104 11 5 -1 1 true false
10 6 -1 0 1 false false
66 5 4 0 -1 false false
101 7 -1 1 -1 false false
45 3 -1 0 0 false false
24 9 -1 0 0 false false
6 8 11 -1 0 false false
4 15 -1 0 1 false false
111 11 -1 -1 -1 false false
35 10 8 -1 -1 false false
116 6 -1 0 1 false false
42 12 9 -1 1 false false
47 15 -1 -1 0 false false
31 8 10 1 1 false false
9 9 -1 0 -1 false false
22 4 -1 1 0 false false
19 7 15 -1 -1 false false
93 15 -1 -1 0 false false
43 9 -1 0 -1 false false
27 4 -1 1 1 false false
1 10 8 1 -1 false false
88 3 -1 -1 0 false false
7 15 -1 0 1 false false
70 5 -1 -1 1 false false
67 11 -1 0 -1 false false
13 10 12 0 1 false false
64 15 -1 1 0 false false
59 3 -1 -1 0 false false
100 15 4 0 -1 false false
13 11 9 -1 1 false false
24 6 -1 1 0 false false
47 12 -1 0 0 false false
87 9 11 0 -1 false false
27 15 4 0 -1 false false
28 7 -1 0 -1 false false
10 4 -1 1 1 false false
96 5 -1 1 0 false false
90 10 -1 -1 0 false false
83 7 -1 -1 0 false false
17 4 -1 0 -1 false false
35 15 7 0 -1 false false
24 5 -1 1 1 false false
21 3 -1 1 1 false false
60 10 9 -1 0 false false
159 11 -1 -1 -1 false false
9 15 -1 1 0 false false
129 7 -1 0 0 false false
8 12 -1 -1 1 false false
42 11 -1 0 -1 false false
8 4 -1 0 -1 false false
9 9 10 1 1 false false
14 6 -1 0 -1 false false
74 7 4 1 -1 false false
33 12 -1 0 1 false false
9 6 -1 1 0 false false
11 8 -1 1 0 false false
67 15 -1 0 -1 false false
55 6 -1 0 0 false false
11 3 -1 0 -1 false false
6 5 -1 -1 1 false false
29 11 9 0 1 false false
46 6 9 0 -1 true false
50 6 -1 1 1 false false
85 11 -1 1 -1 false false
41 10 8 0 -1 false false
7 5 -1 1 1 false false
19 15 5 1 0 false false
13 12 -1 -1 0 false false
129 15 -1 0 1 false false
32 7 -1 0 0 false false
110 6 -1 0 1 false false
85 7 -1 0 0 false false
11 9 5 -1 1 false true
39 6 -1 0 -1 false false
11 8 -1 0 0 false false
23 15 -1 0 1 false false
236 6 -1 -1 -1 false false
6 5 -1 1 -1 false false
17 15 -1 1 0 false false
19 10 9 -1 0 false false
52 12 -1 0 0 false false
40 6 -1 1 -1 false false
60 8 10 0 1 false false
15 15 -1 0 -1 false false
27 9 -1 0 0 false false
71 11 -1 0 0 false false
36 8 -1 -1 0 false false
88 15 -1 0 -1 false false
108 7 -1 0 1 false false
70 12 -1 0 0 false false
20 9 -1 0 0 false false
19 7 -1 1 -1 false false
29 15 9 1 0 false false
44 12 -1 -1 1 false false
88 5 -1 1 0 false false
101 8 10 1 1 false false
54 10 -1 -1 1 false false
71 15 9 1 0 true false
50 13 11 1 1 false false
44 6 -1 1 0 false false
75 7 -1 0 -1 false false
59 12 6 -1 -1 true true
42 9 -1 -1 1 false false
126 11 12 0 1 false false
2 12 11 -1 -1 false false
43 13 12 1 1 false false
4 8 -1 -1 1 false false
312 8 -1 0 -1 false false
20 11 -1 0 0 false false
91 10 -1 1 1 false false
3 12 -1 1 1 false false
46 13 -1 -1 0 false false
188 11 -1 -1 -1 false false
112 9 -1 1 0 false false
121 11 -1 0 1 false false
334 12 -1 1 0 false false
39 9 -1 -1 -1 false false
76 8 -1 -1 1 false false
85 9 -1 -1 1 false false
16 10 -1 0 0 false false
4 13 -1 1 1 false false
258 8 -1 -1 -1 false false
67 11 -1 -1 0 false false
61 9 -1 -1 1 false false
21 11 -1 1 -1 false false
146 13 -1 1 -1 false false
23 12 10 0 -1 false false
41 8 -1 -1 0 false false
59 10 -1 1 -1 false false
205 11 -1 0 1 false false
40 9 -1 0 -1 false false
122 12 -1 0 -1 false false
211 8 -1 0 0 false false
25 13 -1 1 1 false false
24 9 -1 0 0 false false
180 11 -1 0 0 false false
96 10 -1 -1 -1 false false
245 11 -1 -1 -1 false false
95 8 -1 0 -1 false false
72 12 -1 1 0 false false
208 9 -1 0 0 false false
9 13 -1 0 -1 false false
33 12 10 -1 -1 false false
110 11 -1 0 0 false false
189 10 -1 -1 1 false false
287 9 -1 0 0 false false
34 8 -1 0 0 false false
47 13 -1 -1 0 false false
176 11 -1 1 -1 false false
70 10 12 1 1 false false
123 12 -1 0 -1 false false
58 9 -1 1 0 false false
102 11 -1 -1 -1 false false
7 13 10 1 -1 false false
35 9 -1 -1 1 false false
278 8 -1 1 1 false false
197 10 12 1 1 false false
104 13 10 0 -1 false false
23 11 -1 1 1 false false
47 10 -1 0 0 false false
91 8 -1 1 -1 false false
90 12 -1 1 -1 false false
42 13 11 0 -1 false false
127 13 -1 -1 1 false false
61 9 -1 1 1 false false
161 11 10 1 1 false false
140 8 -1 1 -1 false false
67 9 -1 1 -1 false false
18 12 -1 0 0 false false
168 12 10 -1 -1 false false
27 11 8 -1 -1 false false
8 8 -1 0 -1 false false
16 13 -1 0 0 false false
17 10 -1 1 1 false false
142 10 -1 0 1 false false
153 12 -1 0 0 false false
15 8 -1 0 -1 false false
290 9 -1 -1 -1 false false
95 13 -1 1 1 false false
85 12 -1 0 1 false false
65 9 -1 1 1 false false
98 11 -1 1 -1 false false
157 10 12 1 -1 false false
56 11 -1 0 0 false false
84 13 -1 0 -1 false false
2 12 -1 -1 0 false false
17 8 -1 -1 0 false false
171 12 -1 1 0 false false
77 9 -1 0 0 false false
124 9 -1 0 1 false false
49 8 -1 0 -1 false false
118 9 -1 1 0 false false
90 11 -1 1 1 false false
169 10 -1 0 0 false false
37 12 10 1 1 false false
77 13 10 1 1 false false
91 12 -1 0 -1 false false
33 11 -1 0 0 false false
17 9 -1 -1 0 false false
303 10 13 -1 1 false false
19 8 -1 0 1 false false
416 13 10 1 1 false false
44 11 13 0 1 false false
67 12 -1 0 -1 false false
143 9 -1 1 0 false false
54 13 -1 0 0 false false
26 8 -1 -1 -1 false false
23 9 -1 1 0 false false
65 11 -1 0 -1 false false
83 10 -1 0 0 false false
107 11 -1 0 -1 false false
54 13 -1 -1 0 false false
238 9 -1 -1 1 false false
68 8 -1 -1 1 false false
126 12 -1 1 1 false false
142 10 -1 -1 -1 false false
88 12 -1 0 -1 false false
92 11 -1 -1 0 false false
69 9 -1 0 1 false false
6 8 -1 0 -1 false false
81 13 10 1 0 false false
352 10 13 -1 0 false false
439 13 -1 1 1 false false
41 8 -1 0 1 false false
26 11 -1 -1 1 false false
76 9 -1 0 1 false false
87 10 -1 0 0 false false
156 9 -1 0 -1 false false
35 8 -1 1 1 false false
427 11 -1 0 0 false false
52 9 -1 1 1 false false
38 8 -1 0 1 false false
53 13 10 0 -1 false false
18 10 -1 1 1 false false
157 8 -1 0 0 false false
29 10 13 -1 0 false false
244 12 -1 0 0 false false
142 13 10 1 1 false false
15 8 -1 1 0 false false
199 11 -1 -1 1 false false
66 9 13 1 1 false true
267 10 -1 0 0 false false
25 11 -1 -1 0 false false
113 13 -1 0 0 false false
47 12 -1 1 0 false false
35 9 -1 -1 -1 false false
172 13 -1 1 1 false false
20 9 -1 1 0 false false
15 12 -1 -1 -1 false false
172 11 -1 -1 -1 false false
131 10 -1 1 1 false false
31 12 9 -1 0 false false
308 9 -1 0 1 false false
26 12 -1 -1 0 false false
357 11 -1 1 -1 false false
16 13 11 -1 1 false false
84 10 -1 -1 1 false false
119 10 -1 0 -1 false false
82 10 -1 1 -1 false false
35 9 12 1 -1 true false
103 13 11 -1 1 false false
27 10 -1 -1 0 false false
35 11 -1 -1 -1 false false
69 12 10 1 0 false false
46 11 -1 1 1 false false
94 12 -1 -1 -1 false false
460 13 -1 0 0 false false
272 10 -1 -1 -1 false false
156 11 13 1 1 false false
148 12 -1 -1 0 false false
30 10 -1 1 0 false false
296 13 -1 0 -1 false false
399 12 -1 -1 0 false false
7 11 -1 0 0 false false
122 10 -1 -1 1 false false
67 13 11 -1 0 false false
250 12 -1 -1 0 false false
262 11 -1 -1 1 false false
7 12 -1 -1 1 false false
168 10 -1 0 1 false false
418 10 -1 -1 0 false false
113 12 -1 1 0 false false
14 11 -1 0 -1 false false
129 10 12 0 -1 false false
156 13 -1 0 1 false false
258 13 -1 -1 -1 false false
272 11 13 1 0 false false
133 12 -1 -1 0 false false
85 10 -1 -1 0 false false
175 13 -1 0 0 false false
429 12 10 0 1 true true
