0 4
1 0 1 -1 1 false false
0 10 11 -1 1 false false
0 1 -1 -1 0 false false
1 7 -1 0 0 false false
1 11 3 -1 1 true false
0 3 -1 0 1 false false
0 15 2 0 -1 false false
0 10 9 -1 0 false false
0 6 -1 1 1 false false
1 9 6 -1 1 false false
0 4 -1 1 -1 false false
0 5 -1 1 0 false false
1 7 5 0 -1 false false
97 2 -1 1 -1 false false
95 11 -1 1 0 false false
23 8 10 1 1 false false
6 6 -1 0 -1 false false
199 15 -1 1 0 false false
2 5 -1 0 0 false false
143 11 -1 -1 0 false false
36 6 -1 0 1 false false
43 15 -1 1 0 false false
1 9 10 1 -1 false false
22 1 2 -1 -1 false false
56 3 15 -1 0 false false
144 10 12 0 1 false false
29 4 -1 -1 0 false false
10 15 -1 0 -1 false false
114 7 -1 0 0 false false
3 11 -1 0 0 false false
30 2 -1 0 -1 false false
29 8 10 0 1 false false
47 15 1 0 -1 false false
20 5 -1 -1 -1 false false
17 6 -1 0 0 false false
8 1 2 -1 0 false false
121 10 9 -1 1 false false
24 11 -1 1 -1 false false
109 1 -1 1 -1 false false
127 4 -1 1 -1 false false
89 3 15 -1 -1 false false
14 10 9 -1 0 false false
8 12 -1 -1 1 false false
57 9 -1 0 0 false false
4 7 -1 1 1 false false
41 15 -1 0 1 false false
112 8 10 0 1 false false
44 6 -1 0 1 false false
40 15 3 1 0 false false
20 8 -1 0 -1 false false
30 9 -1 0 0 false false
60 12 -1 0 1 false false
41 2 -1 -1 1 false false
53 5 15 1 0 false false
39 3 -1 1 1 false false
10 12 -1 0 1 false false
97 10 8 0 -1 false false
33 11 4 -1 0 true true
18 15 -1 0 -1 false false
32 8 5 1 -1 false false
82 3 -1 1 -1 false false
17 8 7 1 0 false false
41 10 -1 0 1 false false
123 6 15 1 -1 false false
33 12 11 0 -1 false false
6 15 -1 1 0 false false
155 11 9 0 -1 false false
26 7 -1 -1 -1 false false
72 15 -1 1 0 false false
36 10 -1 0 1 false false
139 4 -1 -1 1 false false
11 11 -1 -1 -1 false false
14 5 8 -1 1 false false
16 15 -1 0 1 false false
63 8 -1 0 1 false false
131 3 -1 -1 -1 false false
17 12 10 -1 1 false false
34 15 -1 1 0 false false
72 5 -1 0 0 false false
12 9 -1 0 1 false false
3 4 -1 1 -1 false false
49 7 -1 0 0 false false
49 6 -1 0 0 false false
67 5 -1 0 -1 false false
83 15 5 -1 0 false false
25 3 -1 1 0 false false
114 12 -1 1 -1 false false
42 10 5 -1 -1 false false
61 8 -1 -1 1 false false
5 15 5 -1 0 false false
54 9 11 -1 0 false false
31 6 -1 -1 0 false false
5 11 9 1 0 false false
34 5 10 1 1 true false
25 5 -1 1 0 false false
26 15 -1 -1 0 false false
37 4 -1 1 1 false false
40 12 -1 0 0 false false
27 7 -1 0 1 false false
156 15 -1 0 1 false false
30 6 -1 1 1 false false
33 4 -1 0 1 false false
165 8 -1 0 -1 false false
3 5 -1 1 0 false false
32 12 -1 1 0 false false
2 15 -1 -1 0 false false
127 7 -1 1 0 false false
38 15 8 -1 0 false false
81 9 -1 1 -1 false false
10 10 -1 1 0 false false
62 5 -1 -1 -1 false false
7 7 -1 0 -1 false false
42 11 4 -1 1 false true
13 15 8 -1 0 false false
214 15 8 -1 0 false false
150 15 -1 0 -1 false false
43 6 -1 -1 0 false false
38 8 -1 0 0 false false
4 11 10 1 1 false false
91 9 -1 0 0 false false
0 11 10 1 1 false false
30 7 -1 -1 1 false false
1 15 -1 0 -1 false false
44 10 -1 0 0 false false
70 12 -1 0 0 false false
0 6 -1 0 -1 false false
108 5 -1 1 -1 false false
67 12 11 -1 -1 false false
25 8 -1 1 -1 false false
124 9 -1 1 0 false false
4 10 11 -1 -1 false false
13 11 -1 -1 0 false false
11 5 -1 1 1 false false
10 7 -1 1 0 false false
82 6 -1 1 1 false false
170 7 -1 0 -1 false false
79 11 5 -1 0 false false
12 12 -1 0 0 false false
123 15 -1 -1 0 false false
175 15 -1 -1 0 false false
95 9 -1 -1 -1 false false
67 12 10 -1 0 false false
33 6 -1 1 0 false false
80 8 -1 0 0 false false
2 15 -1 0 1 false false
30 5 -1 1 -1 false false
6 10 12 1 1 false false
211 15 -1 0 1 false false
93 7 11 1 -1 true false
15 7 -1 -1 -1 false false
52 6 -1 0 -1 false false
41 11 10 0 1 false false
2 8 -1 0 1 false false
227 15 -1 0 1 false false
75 10 12 1 0 false false
12 9 11 -1 -1 false false
70 12 -1 -1 -1 false false
174 12 -1 1 1 false false
3 15 -1 1 0 false false
9 9 11 -1 -1 false false
146 10 11 0 -1 false false
11 12 -1 1 1 false false
37 6 -1 1 -1 false false
45 7 -1 -1 0 false false
40 8 15 -1 1 false false
8 11 10 1 1 false false
203 15 -1 1 0 false false
31 15 -1 1 0 false false
31 15 -1 1 0 false false
29 15 10 1 0 false true
30 15 -1 1 0 false false
30 15 -1 1 0 false false
15 7 10 1 1 false false
10 12 15 -1 0 false true
307 11 8 -1 -1 true true
57 12 -1 1 0 false false
18 10 -1 1 1 false false
310 11 -1 -1 -1 false false
492 12 -1 -1 -1 false false
129 13 -1 -1 -1 false false
57 10 -1 1 0 false false
103 11 -1 -1 -1 false false
130 11 -1 1 1 false false
107 11 -1 -1 0 false false
114 10 -1 0 0 false false
76 11 -1 -1 -1 false false
64 10 -1 -1 -1 false false
135 11 -1 -1 -1 false false
159 12 -1 1 1 false false
101 13 -1 -1 0 false false
69 10 -1 0 1 false false
110 12 -1 -1 0 false false
196 11 -1 0 1 false false
137 11 -1 0 0 false false
123 10 -1 -1 0 false false
211 11 -1 -1 -1 false false
76 12 13 1 1 false false
106 12 -1 1 -1 false false
9 13 -1 -1 1 false false
265 13 -1 -1 0 false false
103 13 -1 -1 0 false false
239 11 -1 0 -1 false false
17 10 -1 1 1 false false
20 12 -1 1 0 false false
233 10 -1 0 0 false false
168 13 -1 -1 0 false false
389 11 -1 1 1 false false
186 12 -1 0 0 false false
119 13 -1 0 1 false false
148 10 -1 -1 0 false false
101 10 -1 1 0 false false
256 12 -1 1 1 false false
162 12 -1 -1 0 false false
13 11 -1 1 0 false false
75 13 -1 0 0 false false
6 11 -1 0 -1 false false
125 10 -1 1 -1 false false
161 13 -1 0 0 false false
257 13 -1 1 -1 false false
26 11 -1 0 1 false false
130 12 -1 1 -1 false false
436 10 -1 1 -1 false false
135 13 -1 0 0 false false
10 11 -1 0 1 false false
415 12 -1 -1 1 false false
187 12 -1 -1 -1 false false
69 13 10 0 -1 false false
64 10 13 0 1 false true
50 12 -1 0 1 false false
448 11 -1 1 1 false false
61 13 -1 1 -1 false false
515 12 -1 -1 1 false false
209 12 -1 0 1 false false
32 11 -1 -1 0 false false
239 13 -1 1 1 false false
331 11 -1 1 -1 false false
37 12 -1 -1 -1 false false
456 12 -1 1 1 false false
34 11 -1 0 -1 false false
21 13 -1 -1 1 false false
482 11 -1 0 0 false false
3 12 -1 0 -1 false false
92 12 -1 -1 0 false false
151 11 -1 1 1 false false
50 13 -1 0 1 false false
100 11 -1 0 1 false false
249 11 -1 0 0 false false
485 12 -1 0 0 false false
130 13 -1 -1 0 false false
197 11 -1 1 -1 false false
72 12 -1 1 0 false false
348 12 -1 1 0 false false
319 11 -1 0 0 false false
94 13 -1 1 1 false false
234 11 -1 0 -1 false false
71 12 -1 -1 1 false false
90 13 -1 1 -1 false false
429 12 -1 1 -1 false false
178 13 -1 1 1 false false
29 11 -1 -1 -1 false false
253 13 -1 -1 1 false false
220 11 -1 -1 -1 false false
283 12 -1 0 -1 false false
416 11 -1 1 1 false false
76 13 -1 1 1 false false
325 12 -1 0 1 false false
88 13 -1 0 -1 false false
495 11 -1 0 0 false false
414 13 -1 -1 1 false false
33 12 -1 0 1 false false
44 11 -1 -1 1 false false
170 13 -1 1 1 false false
619 13 -1 -1 0 false false
34 12 -1 1 0 false false
81 11 -1 -1 1 false false
233 11 -1 1 -1 false false
288 13 -1 -1 1 false false
305 12 -1 -1 0 false false
188 11 -1 0 1 false false
524 13 -1 1 1 false false
6 12 -1 1 1 false false
28 11 -1 -1 0 false false
122 11 -1 1 1 false false
181 12 -1 0 1 false false
121 13 -1 1 1 false false
288 11 -1 0 -1 false false
442 12 -1 -1 1 false false
161 12 -1 1 -1 false false
352 12 -1 -1 -1 false false
36 13 -1 1 -1 false false
38 11 -1 0 -1 false false
235 11 -1 1 -1 false false
120 13 -1 0 0 false false
338 11 -1 0 0 false false
47 12 -1 0 0 false false
97 11 -1 1 1 false false
56 13 -1 0 1 false false
2 12 -1 1 0 false false
90 11 -1 0 0 false false
132 11 -1 1 0 false false
285 13 -1 1 0 false false
78 12 -1 -1 0 false false
249 13 -1 0 -1 false false
386 13 11 -1 -1 false true
214 12 -1 1 -1 false false
351 12 -1 0 1 false false
13 13 -1 -1 1 false false
772 13 -1 1 1 false false
44 12 -1 -1 1 false false
107 13 -1 -1 1 false false
483 13 -1 0 0 false false
446 12 -1 1 -1 false false
193 13 -1 0 1 false false
343 13 -1 -1 -1 false false
238 13 -1 0 0 false false
199 12 -1 0 0 false false
137 12 -1 -1 -1 false false
25 13 -1 1 -1 false false
177 13 -1 0 1 false false
162 12 -1 -1 -1 false false
258 13 -1 -1 0 false false
322 13 -1 0 0 false false
51 12 -1 0 -1 false false
754 12 -1 1 -1 false false
176 13 -1 0 -1 false false
142 13 -1 1 -1 false false
402 12 -1 0 0 false false
120 12 -1 -1 -1 false false
220 13 -1 0 0 false false
335 12 -1 1 1 false false
78 13 -1 -1 -1 false false
71 12 -1 0 -1 false false
337 13 -1 -1 -1 false false
372 12 -1 -1 -1 false false
273 13 -1 1 -1 false false
259 13 -1 0 1 false false
144 12 -1 0 0 false false
379 13 -1 -1 -1 false false
319 12 -1 0 0 false false
90 12 -1 1 0 false false
556 13 -1 -1 1 false false
317 12 -1 -1 -1 false false
377 13 -1 0 0 false false
207 13 -1 0 0 false false
373 12 -1 1 -1 false false
165 13 -1 0 -1 false false
652 13 -1 1 1 false false
131 12 -1 1 1 false false
643 13 -1 0 -1 false false
71 12 -1 0 0 false false
118 13 -1 0 -1 false false
316 13 -1 0 -1 false false
250 12 -1 0 0 false false
116 13 -1 1 -1 false false
77 12 -1 1 1 false false
260 13 -1 0 0 false false
81 13 -1 0 0 false false
472 12 -1 -1 -1 false false
246 13 -1 0 1 false false
482 12 -1 0 0 false false
289 13 -1 1 1 false false
415 12 -1 0 -1 false false
127 12 -1 0 1 false false
306 13 -1 -1 1 false false
83 13 -1 -1 -1 false false
391 12 -1 -1 1 false false
251 13 -1 0 0 false false
225 13 -1 -1 0 false false
107 12 -1 0 1 false false
488 13 -1 1 0 false false
287 12 -1 1 -1 false false
83 13 -1 0 0 false false
338 13 -1 -1 1 false false
362 12 -1 0 1 false false
19 13 -1 1 -1 false false
190 12 -1 -1 0 false false
120 13 -1 1 1 false false
2 12 -1 0 1 false false
454 12 -1 0 -1 false false
50 13 -1 1 -1 false false
485 12 -1 0 0 false false
162 12 -1 1 1 false false
86 13 -1 -1 0 false false
120 12 -1 0 -1 false false
515 13 -1 1 -1 false false
393 12 -1 1 1 false false
294 13 -1 0 -1 false false
352 12 -1 1 0 false false
356 12 -1 1 -1 false false
213 12 -1 -1 1 false false
10 13 -1 0 1 false false
443 13 -1 0 0 false false
596 12 -1 0 1 false false
92 13 -1 0 1 false false
761 13 -1 1 -1 false false
182 12 -1 -1 -1 false false
467 12 -1 -1 -1 false false
80 13 -1 0 0 false false
417 12 -1 -1 -1 false false
237 13 -1 1 0 false false
91 12 -1 1 -1 false false
509 13 -1 0 1 false false
264 12 -1 -1 0 false false
59 13 -1 -1 1 false false
352 13 -1 -1 -1 false false
146 12 -1 0 1 false false
70 13 -1 -1 -1 false false
481 13 -1 0 0 false false
218 12 -1 1 1 false false
600 12 -1 1 1 false false
35 13 12 -1 1 false true
