0 1
1 10 -1 -1 0 false false
1 1 -1 1 1 false false
0 0 -1 0 0 false false
0 7 11 -1 1 false false
0 15 -1 0 1 false false
0 3 -1 1 1 false false
1 2 -1 -1 -1 false false
0 11 7 -1 -1 false false
0 12 -1 0 0 false false
318 7 10 0 -1 false false
58 15 -1 1 0 false false
91 11 12 -1 1 false false
2 10 -1 0 -1 false false
33 15 -1 0 -1 false false
109 0 -1 1 1 false false
34 1 15 -1 0 false false
17 10 7 0 1 false false
4 12 -1 1 0 false false
6 2 -1 0 1 false false
20 15 -1 -1 0 false false
50 7 10 1 -1 false false
53 15 -1 0 -1 false false
33 3 -1 1 -1 false false
19 7 10 -1 -1 false false
110 11 12 -1 1 false false
3 15 -1 -1 0 false false
65 7 -1 1 0 false false
198 12 -1 1 0 false false
17 7 11 -1 1 false false
45 15 -1 1 0 false false
39 1 -1 -1 -1 false false
42 0 -1 1 -1 false false
136 10 0 -1 0 true false
47 15 2 1 0 false false
201 3 -1 1 -1 false false
49 8 11 0 1 false false
12 15 -1 0 1 false false
2 2 -1 0 1 false false
43 4 -1 -1 0 false false
179 11 12 -1 1 false false
126 8 -1 1 0 false false
74 15 -1 0 -1 false false
56 12 -1 -1 0 false false
75 1 -1 1 1 false false
11 15 -1 0 -1 false false
213 15 -1 1 0 false false
17 11 12 -1 1 false false
29 2 -1 0 -1 false false
1 8 -1 1 -1 false false
37 4 -1 0 1 false false
69 3 -1 -1 0 false false
69 15 2 0 1 false false
50 11 -1 0 -1 false false
13 12 -1 -1 1 false false
5 1 -1 -1 1 false false
116 8 -1 -1 0 false false
2 3 -1 1 -1 false false
20 15 2 0 1 false false
144 3 -1 1 -1 false false
68 15 -1 1 0 false false
178 12 -1 1 0 false false
47 11 -1 0 0 false false
9 2 -1 1 0 false false
34 1 -1 -1 -1 false false
91 15 2 0 1 false false
18 4 -1 1 0 false false
67 12 -1 1 0 false false
80 1 -1 0 1 false false
12 3 -1 1 1 false false
28 11 -1 1 0 false false
124 4 -1 -1 -1 false false
80 15 -1 1 0 false false
35 8 -1 0 0 false false
90 2 -1 1 0 false false
34 1 -1 0 0 false false
64 2 -1 1 -1 false false
22 1 -1 0 1 false false
38 15 2 1 0 false false
143 15 2 1 0 false false
45 12 -1 -1 0 false false
74 15 -1 0 1 false false
12 11 -1 0 0 false false
208 3 -1 1 0 false false
27 4 -1 1 0 false false
20 8 -1 1 0 false false
15 2 -1 0 0 false false
81 15 -1 1 0 false false
27 1 -1 -1 -1 false false
204 11 8 1 -1 false false
89 15 2 0 -1 false false
71 3 1 0 1 false false
57 1 -1 -1 1 false false
25 12 -1 -1 1 false false
21 15 -1 1 0 false false
50 1 -1 -1 1 false false
94 2 -1 -1 1 false false
33 1 -1 -1 -1 false false
59 4 -1 0 0 false false
26 15 8 1 0 false true
18 3 -1 -1 -1 false false
166 15 -1 1 0 false false
92 15 -1 0 -1 false false
56 12 -1 0 -1 false false
64 11 12 -1 1 false false
53 12 -1 0 0 false false
13 2 -1 1 -1 false false
134 15 -1 -1 0 false false
5 4 -1 -1 -1 false false
21 11 -1 0 0 false false
129 12 -1 0 1 false false
11 15 -1 -1 0 false false
29 5 -1 0 1 false false
51 3 -1 0 -1 false false
71 15 -1 -1 0 false false
13 12 -1 1 1 false false
42 5 -1 1 -1 false false
57 2 -1 -1 1 false false
102 15 3 -1 0 false false
10 4 3 1 -1 false false
12 12 -1 -1 1 false false
167 12 -1 0 -1 false false
111 15 -1 0 1 false false
15 11 -1 0 0 false false
4 2 -1 -1 1 false false
59 4 3 1 0 false false
134 15 -1 0 1 false false
134 5 -1 1 -1 false false
7 15 5 -1 0 false false
80 3 -1 1 1 false false
31 12 15 -1 -1 false false
63 15 5 -1 0 false false
151 15 5 -1 0 false false
109 2 -1 1 -1 false false
15 11 -1 1 1 false false
136 12 11 1 0 false false
19 15 -1 0 1 false false
47 3 -1 -1 -1 false false
132 4 -1 0 -1 false false
81 2 -1 1 1 false false
9 5 -1 0 0 false false
5 3 -1 1 1 false false
36 15 -1 -1 0 false false
66 3 -1 1 0 false false
123 15 -1 -1 0 false false
137 5 -1 0 0 false false
23 15 -1 -1 0 false false
48 11 -1 1 0 false false
34 12 -1 -1 1 false false
5 3 -1 1 1 false false
78 15 -1 -1 0 false false
158 5 -1 0 1 false false
26 2 -1 0 -1 false false
23 15 -1 -1 0 false false
47 11 3 -1 -1 true false
49 5 -1 0 0 false false
94 15 -1 0 -1 false false
106 3 -1 1 1 false false
72 4 -1 0 0 false false
107 5 -1 -1 0 false false
24 12 6 -1 -1 false false
88 15 -1 0 1 false false
294 5 -1 -1 1 false false
10 15 -1 1 0 false false
94 6 -1 0 0 false false
27 5 -1 -1 1 false false
64 3 -1 1 1 false false
10 6 3 0 1 false false
2 15 -1 1 0 false false
85 12 6 -1 -1 false false
152 3 -1 -1 0 false false
80 5 -1 -1 -1 false false
24 4 -1 -1 1 false false
10 15 -1 1 0 false false
90 6 15 -1 0 false false
102 12 4 0 -1 true false
